Initial check results: 

SUCCESS: Submission has consistently named tex, bib, and R files
ERROR: There are nested subdirectories. Please use at most two directory levels for the article.
ERROR: Auxiliary log and aux files detected: initial_checks.log.
They should be removed.
SUCCESS: No problematic file found
SUCCESS: Possible motivation letter found: motivation-letter.md, motivation-letter.pdf
SUCCESS: Article title formatted in title case.
SUCCESS: Section titles formatted in sentence case.
ERROR: Abstract should be plain text without package markups,
mathmatic notations, citation, or other formattings.
Initial check results: 

SUCCESS: Submission has consistently named tex, bib, and R files
ERROR: There are nested subdirectories. Please use at most two directory levels for the article.
ERROR: It looks like there are image(s) in the main directory: Rlogo-5.png.
If so, they should be organised into figures/ folder.
SUCCESS: No problematic file found
SUCCESS: Possible motivation letter found: motivation-letter.md, motivation-letter.pdf
SUCCESS: Article title formatted in title case.
SUCCESS: Section titles formatted in sentence case.
ERROR: Abstract should be plain text without package markups,
mathmatic notations, citation, or other formattings.
Initial check results: 

SUCCESS: Submission has consistently named tex, bib, and R files
ERROR: There are nested subdirectories. Please use at most two directory levels for the article.
ERROR: It looks like there are image(s) in the main directory: Rlogo-5.png.
If so, they should be organised into figures/ folder.
SUCCESS: No problematic file found
SUCCESS: Possible motivation letter found: motivation-letter.md, motivation-letter.pdf
SUCCESS: Article title formatted in title case.
SUCCESS: Section titles formatted in sentence case.
SUCCESS: Abstract formatted in plain text.
